<?xml version="1.0" encoding="UTF-8"?>
<!-- Generated by org.testng.reporters.JUnitReportReporter -->
<testsuite hostname="LAPTOP-Q02S9RB3" failures="0" tests="1" name="mavenlearning.SeleniumTest" time="6.653" errors="0" timestamp="2022-08-20T15:22:29 IST" skipped="0">
  <testcase classname="mavenlearning.SeleniumTest" name="ExtentReportDemo" time="6.653"/>
  <system-out/>
</testsuite> <!-- mavenlearning.SeleniumTest -->
