<?xml version="1.0" encoding="UTF-8"?>
<!-- Generated by org.testng.reporters.JUnitReportReporter -->
<testsuite hostname="LAPTOP-Q02S9RB3" name="mavenlearning.SeleniumTest" tests="2" failures="0" timestamp="19 Aug 2022 15:06:58 GMT" time="0.010" errors="0">
  <testcase name="elementsUI" time="0.000" classname="mavenlearning.SeleniumTest"/>
  <testcase name="BroswerAutomation" time="0.010" classname="mavenlearning.SeleniumTest"/>
</testsuite> <!-- mavenlearning.SeleniumTest -->
