<?xml version="1.0" encoding="UTF-8"?>
<!-- Generated by org.testng.reporters.JUnitReportReporter -->
<testsuite hostname="LAPTOP-Q02S9RB3" name="mavenlearning.AppiumTest" tests="2" failures="0" timestamp="19 Aug 2022 15:06:58 GMT" time="0.000" errors="0">
  <testcase name="NativeAppAndroid" time="0.000" classname="mavenlearning.AppiumTest"/>
  <testcase name="IOSApps" time="0.000" classname="mavenlearning.AppiumTest"/>
</testsuite> <!-- mavenlearning.AppiumTest -->
